Analysis & Synthesis report for memory_tst
Tue Nov 21 14:34:17 2017
Quartus Prime Version 17.0.0 Build 595 04/25/2017 SJ Lite Edition


---------------------
; Table of Contents ;
---------------------
  1. Legal Notice
  2. Analysis & Synthesis Summary
  3. Analysis & Synthesis Settings
  4. Parallel Compilation
  5. Analysis & Synthesis Source Files Read
  6. Analysis & Synthesis Resource Usage Summary
  7. Analysis & Synthesis Resource Utilization by Entity
  8. Analysis & Synthesis RAM Summary
  9. State Machine - |font_test|memory_test:memory_test_unit|state_reg
 10. General Register Statistics
 11. Inverted Register Statistics
 12. Registers Packed Into Inferred Megafunctions
 13. Multiplexer Restructuring Statistics (Restructuring Performed)
 14. Source assignments for Pixel_On_Text:textElement1|Font_Rom:fontRom|altsyncram:ROM_rtl_0|altsyncram_fh71:auto_generated
 15. Parameter Settings for User Entity Instance: Pixel_On_Text:textElement1
 16. Parameter Settings for Inferred Entity Instance: Pixel_On_Text:textElement1|Font_Rom:fontRom|altsyncram:ROM_rtl_0
 17. altsyncram Parameter Settings by Entity Instance
 18. Port Connectivity Checks: "Pixel_On_Text:textElement1"
 19. Post-Synthesis Netlist Statistics for Top Partition
 20. Elapsed Time Per Partition
 21. Analysis & Synthesis Messages



----------------
; Legal Notice ;
----------------
Copyright (C) 2017  Intel Corporation. All rights reserved.
Your use of Intel Corporation's design tools, logic functions 
and other software and tools, and its AMPP partner logic 
functions, and any output files from any of the foregoing 
(including device programming or simulation files), and any 
associated documentation or information are expressly subject 
to the terms and conditions of the Intel Program License 
Subscription Agreement, the Intel Quartus Prime License Agreement,
the Intel MegaCore Function License Agreement, or other 
applicable license agreement, including, without limitation, 
that your use is for the sole purpose of programming logic 
devices manufactured by Intel and sold by Intel or its 
authorized distributors.  Please refer to the applicable 
agreement for further details.



+----------------------------------------------------------------------------------+
; Analysis & Synthesis Summary                                                     ;
+------------------------------------+---------------------------------------------+
; Analysis & Synthesis Status        ; Successful - Tue Nov 21 14:34:17 2017       ;
; Quartus Prime Version              ; 17.0.0 Build 595 04/25/2017 SJ Lite Edition ;
; Revision Name                      ; memory_tst                                  ;
; Top-level Entity Name              ; font_test                                   ;
; Family                             ; Cyclone IV E                                ;
; Total logic elements               ; 344                                         ;
;     Total combinational functions  ; 313                                         ;
;     Dedicated logic registers      ; 124                                         ;
; Total registers                    ; 124                                         ;
; Total pins                         ; 37                                          ;
; Total virtual pins                 ; 0                                           ;
; Total memory bits                  ; 16,384                                      ;
; Embedded Multiplier 9-bit elements ; 0                                           ;
; Total PLLs                         ; 0                                           ;
+------------------------------------+---------------------------------------------+


+----------------------------------------------------------------------------------------------------------------------+
; Analysis & Synthesis Settings                                                                                        ;
+----------------------------------------------------------------------------+--------------------+--------------------+
; Option                                                                     ; Setting            ; Default Value      ;
+----------------------------------------------------------------------------+--------------------+--------------------+
; Device                                                                     ; EP4CE10E22I7       ;                    ;
; Top-level entity name                                                      ; font_test          ; memory_tst         ;
; Family name                                                                ; Cyclone IV E       ; Cyclone V          ;
; Type of Retiming Performed During Resynthesis                              ; Full               ;                    ;
; Resynthesis Optimization Effort                                            ; Normal             ;                    ;
; Physical Synthesis Level for Resynthesis                                   ; Normal             ;                    ;
; Use Generated Physical Constraints File                                    ; On                 ;                    ;
; Use smart compilation                                                      ; Off                ; Off                ;
; Enable parallel Assembler and TimeQuest Timing Analyzer during compilation ; On                 ; On                 ;
; Enable compact report table                                                ; Off                ; Off                ;
; Restructure Multiplexers                                                   ; Auto               ; Auto               ;
; Create Debugging Nodes for IP Cores                                        ; Off                ; Off                ;
; Preserve fewer node names                                                  ; On                 ; On                 ;
; OpenCore Plus hardware evaluation                                          ; Enable             ; Enable             ;
; Verilog Version                                                            ; Verilog_2001       ; Verilog_2001       ;
; VHDL Version                                                               ; VHDL_1993          ; VHDL_1993          ;
; State Machine Processing                                                   ; Auto               ; Auto               ;
; Safe State Machine                                                         ; Off                ; Off                ;
; Extract Verilog State Machines                                             ; On                 ; On                 ;
; Extract VHDL State Machines                                                ; On                 ; On                 ;
; Ignore Verilog initial constructs                                          ; Off                ; Off                ;
; Iteration limit for constant Verilog loops                                 ; 5000               ; 5000               ;
; Iteration limit for non-constant Verilog loops                             ; 250                ; 250                ;
; Add Pass-Through Logic to Inferred RAMs                                    ; On                 ; On                 ;
; Infer RAMs from Raw Logic                                                  ; On                 ; On                 ;
; Parallel Synthesis                                                         ; On                 ; On                 ;
; DSP Block Balancing                                                        ; Auto               ; Auto               ;
; NOT Gate Push-Back                                                         ; On                 ; On                 ;
; Power-Up Don't Care                                                        ; On                 ; On                 ;
; Remove Redundant Logic Cells                                               ; Off                ; Off                ;
; Remove Duplicate Registers                                                 ; On                 ; On                 ;
; Ignore CARRY Buffers                                                       ; Off                ; Off                ;
; Ignore CASCADE Buffers                                                     ; Off                ; Off                ;
; Ignore GLOBAL Buffers                                                      ; Off                ; Off                ;
; Ignore ROW GLOBAL Buffers                                                  ; Off                ; Off                ;
; Ignore LCELL Buffers                                                       ; Off                ; Off                ;
; Ignore SOFT Buffers                                                        ; On                 ; On                 ;
; Limit AHDL Integers to 32 Bits                                             ; Off                ; Off                ;
; Optimization Technique                                                     ; Balanced           ; Balanced           ;
; Carry Chain Length                                                         ; 70                 ; 70                 ;
; Auto Carry Chains                                                          ; On                 ; On                 ;
; Auto Open-Drain Pins                                                       ; On                 ; On                 ;
; Perform WYSIWYG Primitive Resynthesis                                      ; Off                ; Off                ;
; Auto ROM Replacement                                                       ; On                 ; On                 ;
; Auto RAM Replacement                                                       ; On                 ; On                 ;
; Auto DSP Block Replacement                                                 ; On                 ; On                 ;
; Auto Shift Register Replacement                                            ; Auto               ; Auto               ;
; Allow Shift Register Merging across Hierarchies                            ; Auto               ; Auto               ;
; Auto Clock Enable Replacement                                              ; On                 ; On                 ;
; Strict RAM Replacement                                                     ; Off                ; Off                ;
; Allow Synchronous Control Signals                                          ; On                 ; On                 ;
; Force Use of Synchronous Clear Signals                                     ; Off                ; Off                ;
; Auto RAM Block Balancing                                                   ; On                 ; On                 ;
; Auto RAM to Logic Cell Conversion                                          ; Off                ; Off                ;
; Auto Resource Sharing                                                      ; Off                ; Off                ;
; Allow Any RAM Size For Recognition                                         ; Off                ; Off                ;
; Allow Any ROM Size For Recognition                                         ; Off                ; Off                ;
; Allow Any Shift Register Size For Recognition                              ; Off                ; Off                ;
; Use LogicLock Constraints during Resource Balancing                        ; On                 ; On                 ;
; Ignore translate_off and synthesis_off directives                          ; Off                ; Off                ;
; Timing-Driven Synthesis                                                    ; On                 ; On                 ;
; Report Parameter Settings                                                  ; On                 ; On                 ;
; Report Source Assignments                                                  ; On                 ; On                 ;
; Report Connectivity Checks                                                 ; On                 ; On                 ;
; Ignore Maximum Fan-Out Assignments                                         ; Off                ; Off                ;
; Synchronization Register Chain Length                                      ; 2                  ; 2                  ;
; PowerPlay Power Optimization During Synthesis                              ; Normal compilation ; Normal compilation ;
; HDL message level                                                          ; Level2             ; Level2             ;
; Suppress Register Optimization Related Messages                            ; Off                ; Off                ;
; Number of Removed Registers Reported in Synthesis Report                   ; 5000               ; 5000               ;
; Number of Swept Nodes Reported in Synthesis Report                         ; 5000               ; 5000               ;
; Number of Inverted Registers Reported in Synthesis Report                  ; 100                ; 100                ;
; Clock MUX Protection                                                       ; On                 ; On                 ;
; Auto Gated Clock Conversion                                                ; Off                ; Off                ;
; Block Design Naming                                                        ; Auto               ; Auto               ;
; SDC constraint protection                                                  ; Off                ; Off                ;
; Synthesis Effort                                                           ; Auto               ; Auto               ;
; Shift Register Replacement - Allow Asynchronous Clear Signal               ; On                 ; On                 ;
; Pre-Mapping Resynthesis Optimization                                       ; Off                ; Off                ;
; Analysis & Synthesis Message Level                                         ; Medium             ; Medium             ;
; Disable Register Merging Across Hierarchies                                ; Auto               ; Auto               ;
; Resource Aware Inference For Block RAM                                     ; On                 ; On                 ;
+----------------------------------------------------------------------------+--------------------+--------------------+


+------------------------------------------+
; Parallel Compilation                     ;
+----------------------------+-------------+
; Processors                 ; Number      ;
+----------------------------+-------------+
; Number detected on machine ; 4           ;
; Maximum allowed            ; 4           ;
;                            ;             ;
; Average used               ; 1.00        ;
; Maximum used               ; 4           ;
;                            ;             ;
; Usage by Processor         ; % Time Used ;
;     Processor 1            ; 100.0%      ;
;     Processor 2            ;   0.0%      ;
;     Processors 3-4         ;   0.0%      ;
+----------------------------+-------------+


+---------------------------------------------------------------------------------------------------------------------------------------------------------------------------------------------------------------------------------------------------------+
; Analysis & Synthesis Source Files Read                                                                                                                                                                                                                  ;
+----------------------------------------------+-----------------+-------------------------------------------------------+----------------------------------------------------------------------------------------------------------------------+---------+
; File Name with User-Entered Path             ; Used in Netlist ; File Type                                             ; File Name with Absolute Path                                                                                         ; Library ;
+----------------------------------------------+-----------------+-------------------------------------------------------+----------------------------------------------------------------------------------------------------------------------+---------+
; vga_sync.vhd                                 ; yes             ; User VHDL File                                        ; E:/projects/prj_fpga_altera/prj_VE-EP4CE10E/ep4_prj/projects/memory_tst/vga_sync.vhd                                 ;         ;
; Pixel_On_Text.vhd                            ; yes             ; User VHDL File                                        ; E:/projects/prj_fpga_altera/prj_VE-EP4CE10E/ep4_prj/projects/memory_tst/Pixel_On_Text.vhd                            ;         ;
; memory_test.vhd                              ; yes             ; User VHDL File                                        ; E:/projects/prj_fpga_altera/prj_VE-EP4CE10E/ep4_prj/projects/memory_tst/memory_test.vhd                              ;         ;
; func_pack.vhd                                ; yes             ; User VHDL File                                        ; E:/projects/prj_fpga_altera/prj_VE-EP4CE10E/ep4_prj/projects/memory_tst/func_pack.vhd                                ;         ;
; font_test.vhd                                ; yes             ; User VHDL File                                        ; E:/projects/prj_fpga_altera/prj_VE-EP4CE10E/ep4_prj/projects/memory_tst/font_test.vhd                                ;         ;
; Font_Rom.vhd                                 ; yes             ; User VHDL File                                        ; E:/projects/prj_fpga_altera/prj_VE-EP4CE10E/ep4_prj/projects/memory_tst/Font_Rom.vhd                                 ;         ;
; commonPak.vhd                                ; yes             ; User VHDL File                                        ; E:/projects/prj_fpga_altera/prj_VE-EP4CE10E/ep4_prj/projects/memory_tst/commonPak.vhd                                ;         ;
; altsyncram.tdf                               ; yes             ; Megafunction                                          ; d:/dev/intel/17.0/quartus/libraries/megafunctions/altsyncram.tdf                                                     ;         ;
; stratix_ram_block.inc                        ; yes             ; Megafunction                                          ; d:/dev/intel/17.0/quartus/libraries/megafunctions/stratix_ram_block.inc                                              ;         ;
; lpm_mux.inc                                  ; yes             ; Megafunction                                          ; d:/dev/intel/17.0/quartus/libraries/megafunctions/lpm_mux.inc                                                        ;         ;
; lpm_decode.inc                               ; yes             ; Megafunction                                          ; d:/dev/intel/17.0/quartus/libraries/megafunctions/lpm_decode.inc                                                     ;         ;
; aglobal170.inc                               ; yes             ; Megafunction                                          ; d:/dev/intel/17.0/quartus/libraries/megafunctions/aglobal170.inc                                                     ;         ;
; a_rdenreg.inc                                ; yes             ; Megafunction                                          ; d:/dev/intel/17.0/quartus/libraries/megafunctions/a_rdenreg.inc                                                      ;         ;
; altrom.inc                                   ; yes             ; Megafunction                                          ; d:/dev/intel/17.0/quartus/libraries/megafunctions/altrom.inc                                                         ;         ;
; altram.inc                                   ; yes             ; Megafunction                                          ; d:/dev/intel/17.0/quartus/libraries/megafunctions/altram.inc                                                         ;         ;
; altdpram.inc                                 ; yes             ; Megafunction                                          ; d:/dev/intel/17.0/quartus/libraries/megafunctions/altdpram.inc                                                       ;         ;
; db/altsyncram_fh71.tdf                       ; yes             ; Auto-Generated Megafunction                           ; E:/projects/prj_fpga_altera/prj_VE-EP4CE10E/ep4_prj/projects/memory_tst/db/altsyncram_fh71.tdf                       ;         ;
; db/memory_tst.ram0_font_rom_d6022abf.hdl.mif ; yes             ; Auto-Generated Auto-Found Memory Initialization File  ; E:/projects/prj_fpga_altera/prj_VE-EP4CE10E/ep4_prj/projects/memory_tst/db/memory_tst.ram0_font_rom_d6022abf.hdl.mif ;         ;
+----------------------------------------------+-----------------+-------------------------------------------------------+----------------------------------------------------------------------------------------------------------------------+---------+


+-------------------------------------------------------------+
; Analysis & Synthesis Resource Usage Summary                 ;
+---------------------------------------------+---------------+
; Resource                                    ; Usage         ;
+---------------------------------------------+---------------+
; Estimated Total logic elements              ; 344           ;
;                                             ;               ;
; Total combinational functions               ; 313           ;
; Logic element usage by number of LUT inputs ;               ;
;     -- 4 input functions                    ; 145           ;
;     -- 3 input functions                    ; 35            ;
;     -- <=2 input functions                  ; 133           ;
;                                             ;               ;
; Logic elements by mode                      ;               ;
;     -- normal mode                          ; 205           ;
;     -- arithmetic mode                      ; 108           ;
;                                             ;               ;
; Total registers                             ; 124           ;
;     -- Dedicated logic registers            ; 124           ;
;     -- I/O registers                        ; 0             ;
;                                             ;               ;
; I/O pins                                    ; 37            ;
; Total memory bits                           ; 16384         ;
;                                             ;               ;
; Embedded Multiplier 9-bit elements          ; 0             ;
;                                             ;               ;
; Maximum fan-out node                        ; ext_clk~input ;
; Maximum fan-out                             ; 123           ;
; Total fan-out                               ; 1570          ;
; Average fan-out                             ; 2.98          ;
+---------------------------------------------+---------------+


+-----------------------------------------------------------------------------------------------------------------------------------------------------------------------------------------------------------------------------------------------------------------------------------------------------------------------+
; Analysis & Synthesis Resource Utilization by Entity                                                                                                                                                                                                                                                                   ;
+----------------------------------------------+---------------------+---------------------------+-------------+--------------+---------+-----------+------+--------------+------------------------------------------------------------------------------------------------------------+-----------------+--------------+
; Compilation Hierarchy Node                   ; Combinational ALUTs ; Dedicated Logic Registers ; Memory Bits ; DSP Elements ; DSP 9x9 ; DSP 18x18 ; Pins ; Virtual Pins ; Full Hierarchy Name                                                                                        ; Entity Name     ; Library Name ;
+----------------------------------------------+---------------------+---------------------------+-------------+--------------+---------+-----------+------+--------------+------------------------------------------------------------------------------------------------------------+-----------------+--------------+
; |font_test                                   ; 313 (2)             ; 124 (0)                   ; 16384       ; 0            ; 0       ; 0         ; 37   ; 0            ; |font_test                                                                                                 ; font_test       ; work         ;
;    |Pixel_On_Text:textElement1|              ; 119 (119)           ; 1 (1)                     ; 16384       ; 0            ; 0       ; 0         ; 0    ; 0            ; |font_test|Pixel_On_Text:textElement1                                                                      ; Pixel_On_Text   ; work         ;
;       |Font_Rom:fontRom|                     ; 0 (0)               ; 0 (0)                     ; 16384       ; 0            ; 0       ; 0         ; 0    ; 0            ; |font_test|Pixel_On_Text:textElement1|Font_Rom:fontRom                                                     ; Font_Rom        ; work         ;
;          |altsyncram:ROM_rtl_0|              ; 0 (0)               ; 0 (0)                     ; 16384       ; 0            ; 0       ; 0         ; 0    ; 0            ; |font_test|Pixel_On_Text:textElement1|Font_Rom:fontRom|altsyncram:ROM_rtl_0                                ; altsyncram      ; work         ;
;             |altsyncram_fh71:auto_generated| ; 0 (0)               ; 0 (0)                     ; 16384       ; 0            ; 0       ; 0         ; 0    ; 0            ; |font_test|Pixel_On_Text:textElement1|Font_Rom:fontRom|altsyncram:ROM_rtl_0|altsyncram_fh71:auto_generated ; altsyncram_fh71 ; work         ;
;    |memory_test:memory_test_unit|            ; 150 (150)           ; 100 (100)                 ; 0           ; 0            ; 0       ; 0         ; 0    ; 0            ; |font_test|memory_test:memory_test_unit                                                                    ; memory_test     ; work         ;
;    |vga_sync:vga_sync_unit|                  ; 42 (42)             ; 23 (23)                   ; 0           ; 0            ; 0       ; 0         ; 0    ; 0            ; |font_test|vga_sync:vga_sync_unit                                                                          ; vga_sync        ; work         ;
+----------------------------------------------+---------------------+---------------------------+-------------+--------------+---------+-----------+------+--------------+------------------------------------------------------------------------------------------------------------+-----------------+--------------+
Note: For table entries with two numbers listed, the numbers in parentheses indicate the number of resources of the given type used by the specific entity alone. The numbers listed outside of parentheses indicate the total resources of the given type used by the specific entity and all of its sub-entities in the hierarchy.


+---------------------------------------------------------------------------------------------------------------------------------------------------------------------------------------------------------------------------------------------+
; Analysis & Synthesis RAM Summary                                                                                                                                                                                                            ;
+------------------------------------------------------------------------------------------------------------+------+------+--------------+--------------+--------------+--------------+-------+----------------------------------------------+
; Name                                                                                                       ; Type ; Mode ; Port A Depth ; Port A Width ; Port B Depth ; Port B Width ; Size  ; MIF                                          ;
+------------------------------------------------------------------------------------------------------------+------+------+--------------+--------------+--------------+--------------+-------+----------------------------------------------+
; Pixel_On_Text:textElement1|Font_Rom:fontRom|altsyncram:ROM_rtl_0|altsyncram_fh71:auto_generated|ALTSYNCRAM ; AUTO ; ROM  ; 2048         ; 8            ; --           ; --           ; 16384 ; db/memory_tst.ram0_Font_Rom_d6022abf.hdl.mif ;
+------------------------------------------------------------------------------------------------------------+------+------+--------------+--------------+--------------+--------------+-------+----------------------------------------------+


Encoding Type:  One-Hot
+---------------------------------------------------------------------------------------------+
; State Machine - |font_test|memory_test:memory_test_unit|state_reg                           ;
+----------------+--------------+--------------+--------------+--------------+----------------+
; Name           ; state_reg.r2 ; state_reg.r1 ; state_reg.w2 ; state_reg.w1 ; state_reg.idle ;
+----------------+--------------+--------------+--------------+--------------+----------------+
; state_reg.idle ; 0            ; 0            ; 0            ; 0            ; 0              ;
; state_reg.w1   ; 0            ; 0            ; 0            ; 1            ; 1              ;
; state_reg.w2   ; 0            ; 0            ; 1            ; 0            ; 1              ;
; state_reg.r1   ; 0            ; 1            ; 0            ; 0            ; 1              ;
; state_reg.r2   ; 1            ; 0            ; 0            ; 0            ; 1              ;
+----------------+--------------+--------------+--------------+--------------+----------------+


+------------------------------------------------------+
; General Register Statistics                          ;
+----------------------------------------------+-------+
; Statistic                                    ; Value ;
+----------------------------------------------+-------+
; Total registers                              ; 124   ;
; Number of registers using Synchronous Clear  ; 0     ;
; Number of registers using Synchronous Load   ; 0     ;
; Number of registers using Asynchronous Clear ; 90    ;
; Number of registers using Asynchronous Load  ; 0     ;
; Number of registers using Clock Enable       ; 112   ;
; Number of registers using Preset             ; 0     ;
+----------------------------------------------+-------+


+----------------------------------------------------+
; Inverted Register Statistics                       ;
+------------------------------------------+---------+
; Inverted Register                        ; Fan out ;
+------------------------------------------+---------+
; memory_test:memory_test_unit|sram_cs_reg ; 2       ;
; Total number of inverted registers = 1   ;         ;
+------------------------------------------+---------+


+--------------------------------------------------------------------------------------------------------------------------+
; Registers Packed Into Inferred Megafunctions                                                                             ;
+-----------------------------------------------------------+-------------------------------------------------------+------+
; Register Name                                             ; Megafunction                                          ; Type ;
+-----------------------------------------------------------+-------------------------------------------------------+------+
; Pixel_On_Text:textElement1|Font_Rom:fontRom|fontRow[0..7] ; Pixel_On_Text:textElement1|Font_Rom:fontRom|ROM_rtl_0 ; RAM  ;
+-----------------------------------------------------------+-------------------------------------------------------+------+


+----------------------------------------------------------------------------------------------------------------------------------------------------------+
; Multiplexer Restructuring Statistics (Restructuring Performed)                                                                                           ;
+--------------------+-----------+---------------+----------------------+------------------------+------------+--------------------------------------------+
; Multiplexer Inputs ; Bus Width ; Baseline Area ; Area if Restructured ; Saving if Restructured ; Registered ; Example Multiplexer Output                 ;
+--------------------+-----------+---------------+----------------------+------------------------+------------+--------------------------------------------+
; 27:1               ; 5 bits    ; 90 LEs        ; 80 LEs               ; 10 LEs                 ; No         ; |font_test|Pixel_On_Text:textElement1|Mux7 ;
+--------------------+-----------+---------------+----------------------+------------------------+------------+--------------------------------------------+


+------------------------------------------------------------------------------------------------------------------------+
; Source assignments for Pixel_On_Text:textElement1|Font_Rom:fontRom|altsyncram:ROM_rtl_0|altsyncram_fh71:auto_generated ;
+---------------------------------+--------------------+------+----------------------------------------------------------+
; Assignment                      ; Value              ; From ; To                                                       ;
+---------------------------------+--------------------+------+----------------------------------------------------------+
; OPTIMIZE_POWER_DURING_SYNTHESIS ; NORMAL_COMPILATION ; -    ; -                                                        ;
+---------------------------------+--------------------+------+----------------------------------------------------------+


+-------------------------------------------------------------------------+
; Parameter Settings for User Entity Instance: Pixel_On_Text:textElement1 ;
+----------------+-------+------------------------------------------------+
; Parameter Name ; Value ; Type                                           ;
+----------------+-------+------------------------------------------------+
; textlength     ; 27    ; Signed Integer                                 ;
+----------------+-------+------------------------------------------------+
Note: In order to hide this table in the UI and the text report file, please set the "Show Parameter Settings in Synthesis Report" option in "Analysis and Synthesis Settings -> More Settings" to "Off".


+-------------------------------------------------------------------------------------------------------------------+
; Parameter Settings for Inferred Entity Instance: Pixel_On_Text:textElement1|Font_Rom:fontRom|altsyncram:ROM_rtl_0 ;
+------------------------------------+----------------------------------------------+-------------------------------+
; Parameter Name                     ; Value                                        ; Type                          ;
+------------------------------------+----------------------------------------------+-------------------------------+
; BYTE_SIZE_BLOCK                    ; 8                                            ; Untyped                       ;
; AUTO_CARRY_CHAINS                  ; ON                                           ; AUTO_CARRY                    ;
; IGNORE_CARRY_BUFFERS               ; OFF                                          ; IGNORE_CARRY                  ;
; AUTO_CASCADE_CHAINS                ; ON                                           ; AUTO_CASCADE                  ;
; IGNORE_CASCADE_BUFFERS             ; OFF                                          ; IGNORE_CASCADE                ;
; WIDTH_BYTEENA                      ; 1                                            ; Untyped                       ;
; OPERATION_MODE                     ; ROM                                          ; Untyped                       ;
; WIDTH_A                            ; 8                                            ; Untyped                       ;
; WIDTHAD_A                          ; 11                                           ; Untyped                       ;
; NUMWORDS_A                         ; 2048                                         ; Untyped                       ;
; OUTDATA_REG_A                      ; UNREGISTERED                                 ; Untyped                       ;
; ADDRESS_ACLR_A                     ; NONE                                         ; Untyped                       ;
; OUTDATA_ACLR_A                     ; NONE                                         ; Untyped                       ;
; WRCONTROL_ACLR_A                   ; NONE                                         ; Untyped                       ;
; INDATA_ACLR_A                      ; NONE                                         ; Untyped                       ;
; BYTEENA_ACLR_A                     ; NONE                                         ; Untyped                       ;
; WIDTH_B                            ; 1                                            ; Untyped                       ;
; WIDTHAD_B                          ; 1                                            ; Untyped                       ;
; NUMWORDS_B                         ; 1                                            ; Untyped                       ;
; INDATA_REG_B                       ; CLOCK1                                       ; Untyped                       ;
; WRCONTROL_WRADDRESS_REG_B          ; CLOCK1                                       ; Untyped                       ;
; RDCONTROL_REG_B                    ; CLOCK1                                       ; Untyped                       ;
; ADDRESS_REG_B                      ; CLOCK1                                       ; Untyped                       ;
; OUTDATA_REG_B                      ; UNREGISTERED                                 ; Untyped                       ;
; BYTEENA_REG_B                      ; CLOCK1                                       ; Untyped                       ;
; INDATA_ACLR_B                      ; NONE                                         ; Untyped                       ;
; WRCONTROL_ACLR_B                   ; NONE                                         ; Untyped                       ;
; ADDRESS_ACLR_B                     ; NONE                                         ; Untyped                       ;
; OUTDATA_ACLR_B                     ; NONE                                         ; Untyped                       ;
; RDCONTROL_ACLR_B                   ; NONE                                         ; Untyped                       ;
; BYTEENA_ACLR_B                     ; NONE                                         ; Untyped                       ;
; WIDTH_BYTEENA_A                    ; 1                                            ; Untyped                       ;
; WIDTH_BYTEENA_B                    ; 1                                            ; Untyped                       ;
; RAM_BLOCK_TYPE                     ; AUTO                                         ; Untyped                       ;
; BYTE_SIZE                          ; 8                                            ; Untyped                       ;
; READ_DURING_WRITE_MODE_MIXED_PORTS ; DONT_CARE                                    ; Untyped                       ;
; READ_DURING_WRITE_MODE_PORT_A      ; NEW_DATA_NO_NBE_READ                         ; Untyped                       ;
; READ_DURING_WRITE_MODE_PORT_B      ; NEW_DATA_NO_NBE_READ                         ; Untyped                       ;
; INIT_FILE                          ; db/memory_tst.ram0_Font_Rom_d6022abf.hdl.mif ; Untyped                       ;
; INIT_FILE_LAYOUT                   ; PORT_A                                       ; Untyped                       ;
; MAXIMUM_DEPTH                      ; 0                                            ; Untyped                       ;
; CLOCK_ENABLE_INPUT_A               ; NORMAL                                       ; Untyped                       ;
; CLOCK_ENABLE_INPUT_B               ; NORMAL                                       ; Untyped                       ;
; CLOCK_ENABLE_OUTPUT_A              ; NORMAL                                       ; Untyped                       ;
; CLOCK_ENABLE_OUTPUT_B              ; NORMAL                                       ; Untyped                       ;
; CLOCK_ENABLE_CORE_A                ; USE_INPUT_CLKEN                              ; Untyped                       ;
; CLOCK_ENABLE_CORE_B                ; USE_INPUT_CLKEN                              ; Untyped                       ;
; ENABLE_ECC                         ; FALSE                                        ; Untyped                       ;
; ECC_PIPELINE_STAGE_ENABLED         ; FALSE                                        ; Untyped                       ;
; WIDTH_ECCSTATUS                    ; 3                                            ; Untyped                       ;
; DEVICE_FAMILY                      ; Cyclone IV E                                 ; Untyped                       ;
; CBXI_PARAMETER                     ; altsyncram_fh71                              ; Untyped                       ;
+------------------------------------+----------------------------------------------+-------------------------------+
Note: In order to hide this table in the UI and the text report file, please set the "Show Parameter Settings in Synthesis Report" option in "Analysis and Synthesis Settings -> More Settings" to "Off".


+--------------------------------------------------------------------------------------------------------------+
; altsyncram Parameter Settings by Entity Instance                                                             ;
+-------------------------------------------+------------------------------------------------------------------+
; Name                                      ; Value                                                            ;
+-------------------------------------------+------------------------------------------------------------------+
; Number of entity instances                ; 1                                                                ;
; Entity Instance                           ; Pixel_On_Text:textElement1|Font_Rom:fontRom|altsyncram:ROM_rtl_0 ;
;     -- OPERATION_MODE                     ; ROM                                                              ;
;     -- WIDTH_A                            ; 8                                                                ;
;     -- NUMWORDS_A                         ; 2048                                                             ;
;     -- OUTDATA_REG_A                      ; UNREGISTERED                                                     ;
;     -- WIDTH_B                            ; 1                                                                ;
;     -- NUMWORDS_B                         ; 1                                                                ;
;     -- ADDRESS_REG_B                      ; CLOCK1                                                           ;
;     -- OUTDATA_REG_B                      ; UNREGISTERED                                                     ;
;     -- RAM_BLOCK_TYPE                     ; AUTO                                                             ;
;     -- READ_DURING_WRITE_MODE_MIXED_PORTS ; DONT_CARE                                                        ;
+-------------------------------------------+------------------------------------------------------------------+


+--------------------------------------------------------+
; Port Connectivity Checks: "Pixel_On_Text:textElement1" ;
+-------------------+-------+----------+-----------------+
; Port              ; Type  ; Severity ; Details         ;
+-------------------+-------+----------+-----------------+
; position.x[5..4]  ; Input ; Info     ; Stuck at VCC    ;
; position.x[31..6] ; Input ; Info     ; Stuck at GND    ;
; position.x[3..2]  ; Input ; Info     ; Stuck at GND    ;
; position.x[1]     ; Input ; Info     ; Stuck at VCC    ;
; position.x[0]     ; Input ; Info     ; Stuck at GND    ;
; position.y[5..4]  ; Input ; Info     ; Stuck at VCC    ;
; position.y[31..6] ; Input ; Info     ; Stuck at GND    ;
; position.y[3..2]  ; Input ; Info     ; Stuck at GND    ;
; position.y[1]     ; Input ; Info     ; Stuck at VCC    ;
; position.y[0]     ; Input ; Info     ; Stuck at GND    ;
+-------------------+-------+----------+-----------------+


+-----------------------------------------------------+
; Post-Synthesis Netlist Statistics for Top Partition ;
+-----------------------+-----------------------------+
; Type                  ; Count                       ;
+-----------------------+-----------------------------+
; boundary_port         ; 37                          ;
; cycloneiii_ff         ; 124                         ;
;     CLR               ; 10                          ;
;     ENA               ; 32                          ;
;     ENA CLR           ; 80                          ;
;     plain             ; 2                           ;
; cycloneiii_io_obuf    ; 8                           ;
; cycloneiii_lcell_comb ; 315                         ;
;     arith             ; 108                         ;
;         2 data inputs ; 100                         ;
;         3 data inputs ; 8                           ;
;     normal            ; 207                         ;
;         0 data inputs ; 3                           ;
;         1 data inputs ; 8                           ;
;         2 data inputs ; 24                          ;
;         3 data inputs ; 27                          ;
;         4 data inputs ; 145                         ;
; cycloneiii_ram_block  ; 8                           ;
;                       ;                             ;
; Max LUT depth         ; 12.80                       ;
; Average LUT depth     ; 5.68                        ;
+-----------------------+-----------------------------+


+-------------------------------+
; Elapsed Time Per Partition    ;
+----------------+--------------+
; Partition Name ; Elapsed Time ;
+----------------+--------------+
; Top            ; 00:00:01     ;
+----------------+--------------+


+-------------------------------+
; Analysis & Synthesis Messages ;
+-------------------------------+
Info: *******************************************************************
Info: Running Quartus Prime Analysis & Synthesis
    Info: Version 17.0.0 Build 595 04/25/2017 SJ Lite Edition
    Info: Processing started: Tue Nov 21 14:34:01 2017
Info: Command: quartus_map --read_settings_files=on --write_settings_files=off memory_tst -c memory_tst
Warning (18236): Number of processors has not been specified which may cause overloading on shared machines.  Set the global assignment NUM_PARALLEL_PROCESSORS in your QSF to an appropriate value for best performance.
Info (20030): Parallel compilation is enabled and will use 4 of the 4 processors detected
Info (12021): Found 2 design units, including 1 entities, in source file vga_sync.vhd
    Info (12022): Found design unit 1: vga_sync-arch File: E:/projects/prj_fpga_altera/prj_VE-EP4CE10E/ep4_prj/projects/memory_tst/vga_sync.vhd Line: 24
    Info (12023): Found entity 1: vga_sync File: E:/projects/prj_fpga_altera/prj_VE-EP4CE10E/ep4_prj/projects/memory_tst/vga_sync.vhd Line: 12
Info (12021): Found 2 design units, including 1 entities, in source file pixel_on_text2.vhd
    Info (12022): Found design unit 1: Pixel_On_Text2-Behavioral File: E:/projects/prj_fpga_altera/prj_VE-EP4CE10E/ep4_prj/projects/memory_tst/Pixel_On_Text2.vhd Line: 47
    Info (12023): Found entity 1: Pixel_On_Text2 File: E:/projects/prj_fpga_altera/prj_VE-EP4CE10E/ep4_prj/projects/memory_tst/Pixel_On_Text2.vhd Line: 29
Info (12021): Found 2 design units, including 1 entities, in source file pixel_on_text.vhd
    Info (12022): Found design unit 1: Pixel_On_Text-Behavioral File: E:/projects/prj_fpga_altera/prj_VE-EP4CE10E/ep4_prj/projects/memory_tst/Pixel_On_Text.vhd Line: 49
    Info (12023): Found entity 1: Pixel_On_Text File: E:/projects/prj_fpga_altera/prj_VE-EP4CE10E/ep4_prj/projects/memory_tst/Pixel_On_Text.vhd Line: 30
Info (12021): Found 2 design units, including 1 entities, in source file memory_test.vhd
    Info (12022): Found design unit 1: memory_test-Behavioral File: E:/projects/prj_fpga_altera/prj_VE-EP4CE10E/ep4_prj/projects/memory_tst/memory_test.vhd Line: 28
    Info (12023): Found entity 1: memory_test File: E:/projects/prj_fpga_altera/prj_VE-EP4CE10E/ep4_prj/projects/memory_tst/memory_test.vhd Line: 17
Info (12021): Found 2 design units, including 0 entities, in source file func_pack.vhd
    Info (12022): Found design unit 1: func_pack File: E:/projects/prj_fpga_altera/prj_VE-EP4CE10E/ep4_prj/projects/memory_tst/func_pack.vhd Line: 6
    Info (12022): Found design unit 2: func_pack-body File: E:/projects/prj_fpga_altera/prj_VE-EP4CE10E/ep4_prj/projects/memory_tst/func_pack.vhd Line: 12
Info (12021): Found 2 design units, including 1 entities, in source file font_test.vhd
    Info (12022): Found design unit 1: font_test-Behavioral File: E:/projects/prj_fpga_altera/prj_VE-EP4CE10E/ep4_prj/projects/memory_tst/font_test.vhd Line: 19
    Info (12023): Found entity 1: font_test File: E:/projects/prj_fpga_altera/prj_VE-EP4CE10E/ep4_prj/projects/memory_tst/font_test.vhd Line: 5
Info (12021): Found 2 design units, including 1 entities, in source file font_rom.vhd
    Info (12022): Found design unit 1: Font_Rom-Behavioral File: E:/projects/prj_fpga_altera/prj_VE-EP4CE10E/ep4_prj/projects/memory_tst/Font_Rom.vhd Line: 40
    Info (12023): Found entity 1: Font_Rom File: E:/projects/prj_fpga_altera/prj_VE-EP4CE10E/ep4_prj/projects/memory_tst/Font_Rom.vhd Line: 32
Info (12021): Found 2 design units, including 0 entities, in source file commonpak.vhd
    Info (12022): Found design unit 1: commonPak File: E:/projects/prj_fpga_altera/prj_VE-EP4CE10E/ep4_prj/projects/memory_tst/commonPak.vhd Line: 16
    Info (12022): Found design unit 2: commonPak-body File: E:/projects/prj_fpga_altera/prj_VE-EP4CE10E/ep4_prj/projects/memory_tst/commonPak.vhd Line: 80
Info (12127): Elaborating entity "font_test" for the top level hierarchy
Info (12128): Elaborating entity "memory_test" for hierarchy "memory_test:memory_test_unit" File: E:/projects/prj_fpga_altera/prj_VE-EP4CE10E/ep4_prj/projects/memory_tst/font_test.vhd Line: 30
Info (12128): Elaborating entity "vga_sync" for hierarchy "vga_sync:vga_sync_unit" File: E:/projects/prj_fpga_altera/prj_VE-EP4CE10E/ep4_prj/projects/memory_tst/font_test.vhd Line: 43
Info (12128): Elaborating entity "Pixel_On_Text" for hierarchy "Pixel_On_Text:textElement1" File: E:/projects/prj_fpga_altera/prj_VE-EP4CE10E/ep4_prj/projects/memory_tst/font_test.vhd Line: 55
Warning (10036): Verilog HDL or VHDL warning at Pixel_On_Text.vhd(55): object "charCode" assigned a value but never read File: E:/projects/prj_fpga_altera/prj_VE-EP4CE10E/ep4_prj/projects/memory_tst/Pixel_On_Text.vhd Line: 55
Info (12128): Elaborating entity "Font_Rom" for hierarchy "Pixel_On_Text:textElement1|Font_Rom:fontRom" File: E:/projects/prj_fpga_altera/prj_VE-EP4CE10E/ep4_prj/projects/memory_tst/Pixel_On_Text.vhd Line: 70
Info (19000): Inferred 1 megafunctions from design logic
    Info (276029): Inferred altsyncram megafunction from the following design logic: "Pixel_On_Text:textElement1|Font_Rom:fontRom|ROM_rtl_0" 
        Info (286033): Parameter OPERATION_MODE set to ROM
        Info (286033): Parameter WIDTH_A set to 8
        Info (286033): Parameter WIDTHAD_A set to 11
        Info (286033): Parameter NUMWORDS_A set to 2048
        Info (286033): Parameter OUTDATA_REG_A set to UNREGISTERED
        Info (286033): Parameter ADDRESS_ACLR_A set to NONE
        Info (286033): Parameter OUTDATA_ACLR_A set to NONE
        Info (286033): Parameter INDATA_ACLR_A set to NONE
        Info (286033): Parameter WRCONTROL_ACLR_A set to NONE
        Info (286033): Parameter INIT_FILE set to db/memory_tst.ram0_Font_Rom_d6022abf.hdl.mif
Info (12130): Elaborated megafunction instantiation "Pixel_On_Text:textElement1|Font_Rom:fontRom|altsyncram:ROM_rtl_0"
Info (12133): Instantiated megafunction "Pixel_On_Text:textElement1|Font_Rom:fontRom|altsyncram:ROM_rtl_0" with the following parameter:
    Info (12134): Parameter "OPERATION_MODE" = "ROM"
    Info (12134): Parameter "WIDTH_A" = "8"
    Info (12134): Parameter "WIDTHAD_A" = "11"
    Info (12134): Parameter "NUMWORDS_A" = "2048"
    Info (12134): Parameter "OUTDATA_REG_A" = "UNREGISTERED"
    Info (12134): Parameter "ADDRESS_ACLR_A" = "NONE"
    Info (12134): Parameter "OUTDATA_ACLR_A" = "NONE"
    Info (12134): Parameter "INDATA_ACLR_A" = "NONE"
    Info (12134): Parameter "WRCONTROL_ACLR_A" = "NONE"
    Info (12134): Parameter "INIT_FILE" = "db/memory_tst.ram0_Font_Rom_d6022abf.hdl.mif"
Info (12021): Found 1 design units, including 1 entities, in source file db/altsyncram_fh71.tdf
    Info (12023): Found entity 1: altsyncram_fh71 File: E:/projects/prj_fpga_altera/prj_VE-EP4CE10E/ep4_prj/projects/memory_tst/db/altsyncram_fh71.tdf Line: 28
Info (13000): Registers with preset signals will power-up high File: E:/projects/prj_fpga_altera/prj_VE-EP4CE10E/ep4_prj/projects/memory_tst/memory_test.vhd Line: 66
Info (13003): DEV_CLRn pin will set, and not reset, register with preset signal due to NOT Gate Push-Back
Warning (13024): Output pins are stuck at VCC or GND
    Warning (13410): Pin "rgb[0]" is stuck at GND File: E:/projects/prj_fpga_altera/prj_VE-EP4CE10E/ep4_prj/projects/memory_tst/font_test.vhd Line: 11
    Warning (13410): Pin "rgb[2]" is stuck at GND File: E:/projects/prj_fpga_altera/prj_VE-EP4CE10E/ep4_prj/projects/memory_tst/font_test.vhd Line: 11
Info (286030): Timing-Driven Synthesis is running
Info (16010): Generating hard_block partition "hard_block:auto_generated_inst"
    Info (16011): Adding 0 node(s), including 0 DDIO, 0 PLL, 0 transceiver and 0 LCELL
Info (21057): Implemented 389 device resources after synthesis - the final resource count might be different
    Info (21058): Implemented 2 input pins
    Info (21059): Implemented 27 output pins
    Info (21060): Implemented 8 bidirectional pins
    Info (21061): Implemented 344 logic cells
    Info (21064): Implemented 8 RAM segments
Info: Quartus Prime Analysis & Synthesis was successful. 0 errors, 5 warnings
    Info: Peak virtual memory: 669 megabytes
    Info: Processing ended: Tue Nov 21 14:34:17 2017
    Info: Elapsed time: 00:00:16
    Info: Total CPU time (on all processors): 00:00:30


