
          Lattice Mapping Report File for Design Module 'font_test'


Design Information
------------------

Command line:   map -a MachXO2 -p LCMXO2-7000HC -t TQFP144 -s 4 -oc Commercial
     memory_tst_impl1.ngd -o memory_tst_impl1_map.ncd -pr memory_tst_impl1.prf
     -mp memory_tst_impl1.mrp -lpf E:/projects/prj_fpga_lattice/prj_VE-LCMXO2700
     0HC/lcmx_prj/projects/memory_tst/impl1/memory_tst_impl1.lpf -lpf E:/project
     s/prj_fpga_lattice/prj_VE-LCMXO27000HC/lcmx_prj/projects/memory_tst/memory_
     tst.lpf -c 0 -gui 
Target Vendor:  LATTICE
Target Device:  LCMXO2-7000HCTQFP144
Target Performance:   4
Mapper:  xo2c00,  version:  Diamond (64-bit) 3.9.1.119
Mapped on:  11/21/17  22:57:49

Design Summary
--------------

   Number of registers:    111 out of  7209 (2%)
      PFU registers:          111 out of  6864 (2%)
      PIO registers:            0 out of   345 (0%)
   Number of SLICEs:       150 out of  3432 (4%)
      SLICEs as Logic/ROM:    150 out of  3432 (4%)
      SLICEs as RAM:            0 out of  2574 (0%)
      SLICEs as Carry:         77 out of  3432 (2%)
   Number of LUT4s:        297 out of  6864 (4%)
      Number used as logic LUTs:        143
      Number used as distributed RAM:     0
      Number used as ripple logic:      154
      Number used as shift registers:     0
   Number of PIO sites used: 37 + 4(JTAG) out of 115 (36%)
   Number of block RAMs:  2 out of 26 (8%)
   Number of GSRs:  1 out of 1 (100%)
   EFB used :       No
   JTAG used :      No
   Readback used :  No
   Oscillator used :  No
   Startup used :   No
   POR :            On
   Bandgap :        On
   Number of Power Controller:  0 out of 1 (0%)
   Number of Dynamic Bank Controller (BCINRD):  0 out of 6 (0%)
   Number of Dynamic Bank Controller (BCLVDSO):  0 out of 1 (0%)
   Number of DCCA:  0 out of 8 (0%)
   Number of DCMA:  0 out of 2 (0%)
   Number of PLLs:  0 out of 2 (0%)
   Number of DQSDLLs:  0 out of 2 (0%)
   Number of CLKDIVC:  0 out of 4 (0%)
   Number of ECLKSYNCA:  0 out of 4 (0%)
   Number of ECLKBRIDGECS:  0 out of 2 (0%)
   Notes:-
      1. Total number of LUT4s = (Number of logic LUT4s) + 2*(Number of
     distributed RAMs) + 2*(Number of ripple logic)
      2. Number of logic LUT4s does not include count of distributed RAM and
     ripple logic.
   Number of clocks:  2
     Net ext_clk_c: 63 loads, 63 rising, 0 falling (Driver: PIO ext_clk )
     Net pixel_tick: 3 loads, 3 rising, 0 falling (Driver:

                                    Page 1




Design:  font_test                                     Date:  11/21/17  22:57:49

Design Summary (cont)
---------------------
     vga_sync_unit/mod2_reg_29 )
   Number of Clock Enables:  8
     Net vga_sync_unit/v_count_next_9__N_198: 6 loads, 6 LSLICEs
     Net pixel_tick: 6 loads, 6 LSLICEs
     Net memory_test_unit/ext_clk_c_enable_81: 10 loads, 10 LSLICEs
     Net memory_test_unit/ext_clk_c_enable_76: 10 loads, 10 LSLICEs
     Net memory_test_unit/ext_clk_c_enable_78: 5 loads, 5 LSLICEs
     Net memory_test_unit/ext_clk_c_enable_68: 1 loads, 1 LSLICEs
     Net memory_test_unit/ext_clk_c_enable_72: 17 loads, 17 LSLICEs
     Net memory_test_unit/ext_clk_c_enable_48: 1 loads, 1 LSLICEs
   Number of LSRs:  5
     Net vga_sync_unit/v_count_next_9__N_198: 6 loads, 6 LSLICEs
     Net vga_sync_unit/n2767: 6 loads, 6 LSLICEs
     Net pixel_x_9: 1 loads, 1 LSLICEs
     Net textElement1/pixel_N_282: 1 loads, 1 LSLICEs
     Net memory_test_unit/n2491: 10 loads, 10 LSLICEs
   Number of nets driven by tri-state buffers:  0
   Top 10 highest fanout non-clock nets:
     Net n3682: 27 loads
     Net textElement1/n770: 23 loads
     Net textElement1/n3681: 20 loads
     Net textElement1/n180: 19 loads
     Net textElement1/n772: 19 loads
     Net memory_test_unit/ext_clk_c_enable_72: 17 loads
     Net textElement1/n771: 16 loads
     Net textElement1/n3680: 15 loads
     Net vga_sync_unit/v_count_next_9__N_198: 12 loads
     Net n3795: 11 loads




   Number of warnings:  2
   Number of errors:    0
     

Design Errors/Warnings
----------------------

WARNING - map: The reset of EBR 'textElement1/fontRom/mux_82' cannot be
     controlled. The local reset is not connected to any control signal and set
     to GND. The global reset is disabled via GSR property. To control the EBR
     reset, either connect the local reset to a control signal or force the GSR
     property to be enabled.
WARNING - map: The reset of EBR 'textElement1/fontRom/mux_81' cannot be
     controlled. The local reset is not connected to any control signal and set
     to GND. The global reset is disabled via GSR property. To control the EBR
     reset, either connect the local reset to a control signal or force the GSR
     property to be enabled.

IO (PIO) Attributes
-------------------

+---------------------+-----------+-----------+------------+
| IO Name             | Direction | Levelmode | IO         |
|                     |           |  IO_TYPE  | Register   |

                                    Page 2




Design:  font_test                                     Date:  11/21/17  22:57:49

IO (PIO) Attributes (cont)
--------------------------
+---------------------+-----------+-----------+------------+
| reset               | INPUT     | LVCMOS25  |            |
+---------------------+-----------+-----------+------------+
| ext_clk             | INPUT     | LVCMOS25  |            |
+---------------------+-----------+-----------+------------+
| sram_we             | OUTPUT    | LVCMOS25  |            |
+---------------------+-----------+-----------+------------+
| sram_oe             | OUTPUT    | LVCMOS25  |            |
+---------------------+-----------+-----------+------------+
| sram_cs             | OUTPUT    | LVCMOS25  |            |
+---------------------+-----------+-----------+------------+
| sram_a[0]           | OUTPUT    | LVCMOS25  |            |
+---------------------+-----------+-----------+------------+
| sram_a[1]           | OUTPUT    | LVCMOS25  |            |
+---------------------+-----------+-----------+------------+
| sram_a[2]           | OUTPUT    | LVCMOS25  |            |
+---------------------+-----------+-----------+------------+
| sram_a[3]           | OUTPUT    | LVCMOS25  |            |
+---------------------+-----------+-----------+------------+
| sram_a[4]           | OUTPUT    | LVCMOS25  |            |
+---------------------+-----------+-----------+------------+
| sram_a[5]           | OUTPUT    | LVCMOS25  |            |
+---------------------+-----------+-----------+------------+
| sram_a[6]           | OUTPUT    | LVCMOS25  |            |
+---------------------+-----------+-----------+------------+
| sram_a[7]           | OUTPUT    | LVCMOS25  |            |
+---------------------+-----------+-----------+------------+
| sram_a[8]           | OUTPUT    | LVCMOS25  |            |
+---------------------+-----------+-----------+------------+
| sram_a[9]           | OUTPUT    | LVCMOS25  |            |
+---------------------+-----------+-----------+------------+
| sram_a[10]          | OUTPUT    | LVCMOS25  |            |
+---------------------+-----------+-----------+------------+
| sram_a[11]          | OUTPUT    | LVCMOS25  |            |
+---------------------+-----------+-----------+------------+
| sram_a[12]          | OUTPUT    | LVCMOS25  |            |
+---------------------+-----------+-----------+------------+
| sram_a[13]          | OUTPUT    | LVCMOS25  |            |
+---------------------+-----------+-----------+------------+
| sram_a[14]          | OUTPUT    | LVCMOS25  |            |
+---------------------+-----------+-----------+------------+
| sram_a[15]          | OUTPUT    | LVCMOS25  |            |
+---------------------+-----------+-----------+------------+
| sram_a[16]          | OUTPUT    | LVCMOS25  |            |
+---------------------+-----------+-----------+------------+
| sram_a[17]          | OUTPUT    | LVCMOS25  |            |
+---------------------+-----------+-----------+------------+
| sram_a[18]          | OUTPUT    | LVCMOS25  |            |
+---------------------+-----------+-----------+------------+
| rgb[0]              | OUTPUT    | LVCMOS25  |            |
+---------------------+-----------+-----------+------------+
| rgb[1]              | OUTPUT    | LVCMOS25  |            |
+---------------------+-----------+-----------+------------+
| rgb[2]              | OUTPUT    | LVCMOS25  |            |
+---------------------+-----------+-----------+------------+
| vsync               | OUTPUT    | LVCMOS25  |            |

                                    Page 3




Design:  font_test                                     Date:  11/21/17  22:57:49

IO (PIO) Attributes (cont)
--------------------------
+---------------------+-----------+-----------+------------+
| hsync               | OUTPUT    | LVCMOS25  |            |
+---------------------+-----------+-----------+------------+
| sram_d[0]           | BIDIR     | LVCMOS25  |            |
+---------------------+-----------+-----------+------------+
| sram_d[1]           | BIDIR     | LVCMOS25  |            |
+---------------------+-----------+-----------+------------+
| sram_d[2]           | BIDIR     | LVCMOS25  |            |
+---------------------+-----------+-----------+------------+
| sram_d[3]           | BIDIR     | LVCMOS25  |            |
+---------------------+-----------+-----------+------------+
| sram_d[4]           | BIDIR     | LVCMOS25  |            |
+---------------------+-----------+-----------+------------+
| sram_d[6]           | BIDIR     | LVCMOS25  |            |
+---------------------+-----------+-----------+------------+
| sram_d[5]           | BIDIR     | LVCMOS25  |            |
+---------------------+-----------+-----------+------------+
| sram_d[7]           | BIDIR     | LVCMOS25  |            |
+---------------------+-----------+-----------+------------+

Removed logic
-------------

Signal vga_sync_unit/n3692 was merged into signal pixel_x_9
Signal n3094 was merged into signal pixel_x_0
Signal VCC_net undriven or does not drive anything - clipped.
Signal n3796 undriven or does not drive anything - clipped.
Signal memory_test_unit/address__292_293_add_4_19/CO undriven or does not drive
     anything - clipped.
Signal memory_test_unit/equal_31_0/S1 undriven or does not drive anything -
     clipped.
Signal memory_test_unit/equal_31_0/S0 undriven or does not drive anything -
     clipped.
Signal memory_test_unit/equal_31_0/CI undriven or does not drive anything -
     clipped.
Signal memory_test_unit/equal_31_7/S1 undriven or does not drive anything -
     clipped.
Signal memory_test_unit/equal_31_7/S0 undriven or does not drive anything -
     clipped.
Signal memory_test_unit/data_239_add_4_1/S0 undriven or does not drive anything
     - clipped.
Signal memory_test_unit/data_239_add_4_1/CI undriven or does not drive anything
     - clipped.
Signal memory_test_unit/data_239_add_4_33/S1 undriven or does not drive anything
     - clipped.
Signal memory_test_unit/data_239_add_4_33/CO undriven or does not drive anything
     - clipped.
Signal memory_test_unit/address__292_293_add_4_1/S0 undriven or does not drive
     anything - clipped.
Signal memory_test_unit/address__292_293_add_4_1/CI undriven or does not drive
     anything - clipped.
Signal memory_test_unit/equal_31_8/S0 undriven or does not drive anything -
     clipped.
Signal memory_test_unit/equal_31_8/CO undriven or does not drive anything -
     clipped.
Signal textElement1/sub_129_add_2_1/S0 undriven or does not drive anything -

                                    Page 4




Design:  font_test                                     Date:  11/21/17  22:57:49

Removed logic (cont)
--------------------
     clipped.
Signal textElement1/sub_129_add_2_1/CI undriven or does not drive anything -
     clipped.
Signal textElement1/sub_129_add_2_9/S1 undriven or does not drive anything -
     clipped.
Signal textElement1/sub_129_add_2_9/S0 undriven or does not drive anything -
     clipped.
Signal textElement1/sub_129_add_2_11/S0 undriven or does not drive anything -
     clipped.
Signal textElement1/add_1416_8/S1 undriven or does not drive anything - clipped.
     
Signal textElement1/add_1416_8/S0 undriven or does not drive anything - clipped.
     
Signal textElement1/add_128_8/S1 undriven or does not drive anything - clipped.
Signal textElement1/add_128_8/CO undriven or does not drive anything - clipped.
Signal textElement1/add_1416_10/S1 undriven or does not drive anything -
     clipped.
Signal textElement1/add_1416_10/S0 undriven or does not drive anything -
     clipped.
Signal textElement1/sub_129_add_2_cout/S1 undriven or does not drive anything -
     clipped.
Signal textElement1/sub_129_add_2_cout/CO undriven or does not drive anything -
     clipped.
Signal textElement1/add_237_1/S0 undriven or does not drive anything - clipped.
Signal textElement1/add_237_1/CI undriven or does not drive anything - clipped.
Signal textElement1/add_1416_cout/S1 undriven or does not drive anything -
     clipped.
Signal textElement1/add_1416_cout/CO undriven or does not drive anything -
     clipped.
Signal textElement1/add_237_11/S1 undriven or does not drive anything - clipped.
     
Signal textElement1/add_237_11/CO undriven or does not drive anything - clipped.
     
Signal textElement1/add_1414_2/S1 undriven or does not drive anything - clipped.
     
Signal textElement1/add_1414_2/S0 undriven or does not drive anything - clipped.
     
Signal textElement1/add_1414_2/CI undriven or does not drive anything - clipped.
     
Signal textElement1/add_1415_2/S1 undriven or does not drive anything - clipped.
     
Signal textElement1/add_1415_2/S0 undriven or does not drive anything - clipped.
     
Signal textElement1/add_1415_2/CI undriven or does not drive anything - clipped.
     
Signal textElement1/add_1415_4/S1 undriven or does not drive anything - clipped.
     
Signal textElement1/add_1415_4/S0 undriven or does not drive anything - clipped.
     
Signal textElement1/add_1415_6/S1 undriven or does not drive anything - clipped.
     
Signal textElement1/add_1415_6/S0 undriven or does not drive anything - clipped.
     
Signal textElement1/add_1414_4/S1 undriven or does not drive anything - clipped.
     
Signal textElement1/add_1414_4/S0 undriven or does not drive anything - clipped.

                                    Page 5




Design:  font_test                                     Date:  11/21/17  22:57:49

Removed logic (cont)
--------------------
     
Signal textElement1/add_1415_8/S1 undriven or does not drive anything - clipped.
     
Signal textElement1/add_1415_8/S0 undriven or does not drive anything - clipped.
     
Signal textElement1/add_1416_2/S1 undriven or does not drive anything - clipped.
     
Signal textElement1/add_1416_2/S0 undriven or does not drive anything - clipped.
     
Signal textElement1/add_1416_2/CI undriven or does not drive anything - clipped.
     
Signal textElement1/add_1415_10/S1 undriven or does not drive anything -
     clipped.
Signal textElement1/add_1415_10/S0 undriven or does not drive anything -
     clipped.
Signal textElement1/add_1415_cout/S1 undriven or does not drive anything -
     clipped.
Signal textElement1/add_1415_cout/CO undriven or does not drive anything -
     clipped.
Signal textElement1/add_1414_6/S1 undriven or does not drive anything - clipped.
     
Signal textElement1/add_1414_6/S0 undriven or does not drive anything - clipped.
     
Signal textElement1/add_128_2/S0 undriven or does not drive anything - clipped.
Signal textElement1/add_128_2/CI undriven or does not drive anything - clipped.
Signal textElement1/add_1414_8/S1 undriven or does not drive anything - clipped.
     
Signal textElement1/add_1414_8/S0 undriven or does not drive anything - clipped.
     
Signal textElement1/add_1416_4/S1 undriven or does not drive anything - clipped.
     
Signal textElement1/add_1416_4/S0 undriven or does not drive anything - clipped.
     
Signal textElement1/add_1414_10/S1 undriven or does not drive anything -
     clipped.
Signal textElement1/add_1414_10/S0 undriven or does not drive anything -
     clipped.
Signal textElement1/add_1416_6/S1 undriven or does not drive anything - clipped.
     
Signal textElement1/add_1416_6/S0 undriven or does not drive anything - clipped.
     
Signal textElement1/add_1414_cout/S1 undriven or does not drive anything -
     clipped.
Signal textElement1/add_1414_cout/CO undriven or does not drive anything -
     clipped.
Signal vga_sync_unit/h_count_reg_240_add_4_11/S1 undriven or does not drive
     anything - clipped.
Signal vga_sync_unit/h_count_reg_240_add_4_11/CO undriven or does not drive
     anything - clipped.
Signal vga_sync_unit/v_count_reg_241_add_4_11/S1 undriven or does not drive
     anything - clipped.
Signal vga_sync_unit/v_count_reg_241_add_4_11/CO undriven or does not drive
     anything - clipped.
Signal vga_sync_unit/h_count_reg_240_add_4_1/S0 undriven or does not drive
     anything - clipped.
Signal vga_sync_unit/h_count_reg_240_add_4_1/CI undriven or does not drive

                                    Page 6




Design:  font_test                                     Date:  11/21/17  22:57:49

Removed logic (cont)
--------------------
     anything - clipped.
Signal vga_sync_unit/v_count_reg_241_add_4_1/S0 undriven or does not drive
     anything - clipped.
Signal vga_sync_unit/v_count_reg_241_add_4_1/CI undriven or does not drive
     anything - clipped.
Block vga_sync_unit/i471_1_lut_rep_25 was optimized away.
Block vga_sync_unit/i1380_1_lut was optimized away.
Block i2 was optimized away.
Block m0_lut was optimized away.

Memory Usage
------------

/textElement1/fontRom:
    EBRs: 2
    RAM SLICEs: 0
    Logic SLICEs: 0
    PFU Registers: 0
    -Contains EBR mux_82:  TYPE= SP8KC,  Width= 8,  Depth= 1024,  REGMODE=
         NOREG,  RESETMODE= ASYNC,  ASYNC_RESET_RELEASE= SYNC,  WRITEMODE=
         NORMAL,  GSR= DISABLED
    -Contains EBR mux_81:  TYPE= SP8KC,  Width= 8,  Depth= 1024,  REGMODE=
         NOREG,  RESETMODE= ASYNC,  ASYNC_RESET_RELEASE= SYNC,  WRITEMODE=
         NORMAL,  GSR= DISABLED

     

ASIC Components
---------------

Instance Name: textElement1/fontRom/mux_82
         Type: SP8KC
Instance Name: textElement1/fontRom/mux_81
         Type: SP8KC

GSR Usage
---------

GSR Component:
   The Global Set Reset (GSR) resource has been used to implement a global reset
        of the design. The reset signal used for GSR control is 'reset_c'.
        

     GSR Property:
   The design components with GSR property set to ENABLED will respond to global
        set reset while the components with GSR property set to DISABLED will
        not.
        

     Components with disabled GSR Property
-------------------------------------

     These components have the GSR property set to DISABLED. The components will
     not respond to the reset signal 'reset_c' via the GSR component.

     Type and number of components of the type: 

                                    Page 7




Design:  font_test                                     Date:  11/21/17  22:57:49

GSR Usage (cont)
----------------
   Register = 34 
   SP8KC = 2

     Type and instance name of component: 
   Register : textElement1/pixel_44
   Register : memory_test_unit/data_239__i31
   Register : memory_test_unit/data_239__i30
   Register : memory_test_unit/data_239__i29
   Register : memory_test_unit/data_239__i28
   Register : memory_test_unit/data_239__i27
   Register : memory_test_unit/data_239__i26
   Register : memory_test_unit/data_239__i25
   Register : memory_test_unit/data_239__i24
   Register : memory_test_unit/data_239__i23
   Register : memory_test_unit/data_239__i22
   Register : memory_test_unit/data_239__i21
   Register : memory_test_unit/data_239__i20
   Register : memory_test_unit/data_239__i19
   Register : memory_test_unit/data_239__i18
   Register : memory_test_unit/data_239__i17
   Register : memory_test_unit/data_239__i16
   Register : memory_test_unit/data_239__i15
   Register : memory_test_unit/data_239__i14
   Register : memory_test_unit/data_239__i13
   Register : memory_test_unit/data_239__i12
   Register : memory_test_unit/data_239__i11
   Register : memory_test_unit/data_239__i10
   Register : memory_test_unit/data_239__i9
   Register : memory_test_unit/data_239__i8
   Register : memory_test_unit/data_239__i7
   Register : memory_test_unit/data_239__i6
   Register : memory_test_unit/data_239__i5
   Register : memory_test_unit/data_239__i4
   Register : memory_test_unit/data_239__i3
   Register : memory_test_unit/data_239__i2
   Register : memory_test_unit/data_239__i1
   Register : memory_test_unit/r_w_reg_105
   Register : memory_test_unit/data_239__i0
   SP8KC : textElement1/fontRom/mux_82
   SP8KC : textElement1/fontRom/mux_81

     Components with synchronous local reset also reset by asynchronous GSR
----------------------------------------------------------------------

     These components have the GSR property set to ENABLED and the local reset
     is synchronous. The components will respond to the synchronous local reset
     and to the unrelated asynchronous reset signal 'reset_c' via the GSR
     component.

     Type and number of components of the type: 
   Register = 40 

     Type and instance name of component: 
   Register : vga_sync_unit/v_count_reg_241__i6
   Register : vga_sync_unit/v_count_reg_241__i7
   Register : vga_sync_unit/v_count_reg_241__i8

                                    Page 8




Design:  font_test                                     Date:  11/21/17  22:57:49

GSR Usage (cont)
----------------
   Register : vga_sync_unit/v_count_reg_241__i9
   Register : vga_sync_unit/v_count_reg_241__i10
   Register : vga_sync_unit/h_sync_reg_33
   Register : vga_sync_unit/h_count_reg_240__i2
   Register : vga_sync_unit/h_count_reg_240__i3
   Register : vga_sync_unit/h_count_reg_240__i4
   Register : vga_sync_unit/h_count_reg_240__i5
   Register : vga_sync_unit/h_count_reg_240__i6
   Register : vga_sync_unit/h_count_reg_240__i10
   Register : vga_sync_unit/h_count_reg_240__i8
   Register : vga_sync_unit/h_count_reg_240__i9
   Register : vga_sync_unit/h_count_reg_240__i7
   Register : vga_sync_unit/v_count_reg_241__i4
   Register : vga_sync_unit/h_count_reg_240__i1
   Register : vga_sync_unit/v_count_reg_241__i2
   Register : vga_sync_unit/v_count_reg_241__i5
   Register : vga_sync_unit/v_count_reg_241__i3
   Register : vga_sync_unit/v_count_reg_241__i1
   Register : memory_test_unit/address__292_293__i19
   Register : memory_test_unit/address__292_293__i10
   Register : memory_test_unit/address__292_293__i1
   Register : memory_test_unit/address__292_293__i16
   Register : memory_test_unit/address__292_293__i12
   Register : memory_test_unit/address__292_293__i2
   Register : memory_test_unit/address__292_293__i3
   Register : memory_test_unit/address__292_293__i5
   Register : memory_test_unit/address__292_293__i14
   Register : memory_test_unit/address__292_293__i18
   Register : memory_test_unit/address__292_293__i6
   Register : memory_test_unit/address__292_293__i7
   Register : memory_test_unit/address__292_293__i15
   Register : memory_test_unit/address__292_293__i9
   Register : memory_test_unit/address__292_293__i8
   Register : memory_test_unit/address__292_293__i13
   Register : memory_test_unit/address__292_293__i17
   Register : memory_test_unit/address__292_293__i4
   Register : memory_test_unit/address__292_293__i11

Run Time and Memory Usage
-------------------------

   Total CPU Time: 0 secs  
   Total REAL Time: 0 secs  
   Peak Memory Usage: 59 MB
        












                                    Page 9


Copyright (c) 1991-1994 by NeoCAD Inc. All rights reserved.
     Copyright (c) 1995 AT&T Corp.   All rights reserved.
     Copyright (c) 1995-2001 Lucent Technologies Inc.  All rights reserved.
     Copyright (c) 2001 Agere Systems   All rights reserved.
     Copyright (c) 2002-2017 Lattice Semiconductor Corporation,  All rights
     reserved.
