all messages logged in file hdlparser.log
Analyzing VHDL file D:/dev/lattice/lscc/diamond/3.9_x64/ispfpga/vhdl_packages/standard.vhd (VHDL-1481)
INFO: D:/dev/lattice/lscc/diamond/3.9_x64/ispfpga/vhdl_packages/standard.vhd(9): analyzing package standard (VHDL-1014)
Analyzing VHDL file D:/dev/lattice/lscc/diamond/3.9_x64/ispfpga/vhdl_packages/std_1164.vhd (VHDL-1481)
INFO: D:/dev/lattice/lscc/diamond/3.9_x64/ispfpga/vhdl_packages/std_1164.vhd(15): analyzing package std_logic_1164 (VHDL-1014)
INFO: D:/dev/lattice/lscc/diamond/3.9_x64/ispfpga/vhdl_packages/std_1164.vhd(178): analyzing package body std_logic_1164 (VHDL-1013)
Analyzing VHDL file D:/dev/lattice/lscc/diamond/3.9_x64/ispfpga/vhdl_packages/mgc_qsim.vhd (VHDL-1481)
INFO: D:/dev/lattice/lscc/diamond/3.9_x64/ispfpga/vhdl_packages/mgc_qsim.vhd(18): analyzing package qsim_logic (VHDL-1014)
INFO: D:/dev/lattice/lscc/diamond/3.9_x64/ispfpga/vhdl_packages/mgc_qsim.vhd(753): analyzing package body qsim_logic (VHDL-1013)
Analyzing VHDL file D:/dev/lattice/lscc/diamond/3.9_x64/ispfpga/vhdl_packages/numeric_bit.vhd (VHDL-1481)
INFO: D:/dev/lattice/lscc/diamond/3.9_x64/ispfpga/vhdl_packages/numeric_bit.vhd(54): analyzing package numeric_bit (VHDL-1014)
INFO: D:/dev/lattice/lscc/diamond/3.9_x64/ispfpga/vhdl_packages/numeric_bit.vhd(834): analyzing package body numeric_bit (VHDL-1013)
Analyzing VHDL file D:/dev/lattice/lscc/diamond/3.9_x64/ispfpga/vhdl_packages/numeric_std.vhd (VHDL-1481)
INFO: D:/dev/lattice/lscc/diamond/3.9_x64/ispfpga/vhdl_packages/numeric_std.vhd(57): analyzing package numeric_std (VHDL-1014)
INFO: D:/dev/lattice/lscc/diamond/3.9_x64/ispfpga/vhdl_packages/numeric_std.vhd(874): analyzing package body numeric_std (VHDL-1013)
Analyzing VHDL file D:/dev/lattice/lscc/diamond/3.9_x64/ispfpga/vhdl_packages/textio.vhd (VHDL-1481)
INFO: D:/dev/lattice/lscc/diamond/3.9_x64/ispfpga/vhdl_packages/textio.vhd(13): analyzing package textio (VHDL-1014)
INFO: D:/dev/lattice/lscc/diamond/3.9_x64/ispfpga/vhdl_packages/textio.vhd(114): analyzing package body textio (VHDL-1013)
Analyzing VHDL file D:/dev/lattice/lscc/diamond/3.9_x64/ispfpga/vhdl_packages/std_logic_textio.vhd (VHDL-1481)
INFO: D:/dev/lattice/lscc/diamond/3.9_x64/ispfpga/vhdl_packages/std_logic_textio.vhd(26): analyzing package std_logic_textio (VHDL-1014)
INFO: D:/dev/lattice/lscc/diamond/3.9_x64/ispfpga/vhdl_packages/std_logic_textio.vhd(72): analyzing package body std_logic_textio (VHDL-1013)
Analyzing VHDL file D:/dev/lattice/lscc/diamond/3.9_x64/ispfpga/vhdl_packages/syn_attr.vhd (VHDL-1481)
INFO: D:/dev/lattice/lscc/diamond/3.9_x64/ispfpga/vhdl_packages/syn_attr.vhd(39): analyzing package attributes (VHDL-1014)
Analyzing VHDL file D:/dev/lattice/lscc/diamond/3.9_x64/ispfpga/vhdl_packages/syn_misc.vhd (VHDL-1481)
INFO: D:/dev/lattice/lscc/diamond/3.9_x64/ispfpga/vhdl_packages/syn_misc.vhd(30): analyzing package std_logic_misc (VHDL-1014)
INFO: D:/dev/lattice/lscc/diamond/3.9_x64/ispfpga/vhdl_packages/syn_misc.vhd(182): analyzing package body std_logic_misc (VHDL-1013)
INFO: ./.__tmp_vxr_0_(56): analyzing package math_real (VHDL-1014)
INFO: ./.__tmp_vxr_0_(685): analyzing package body math_real (VHDL-1013)
Analyzing VHDL file D:/dev/lattice/lscc/diamond/3.9_x64/ispfpga/vhdl_packages/mixed_lang_vltype.vhd (VHDL-1481)
INFO: D:/dev/lattice/lscc/diamond/3.9_x64/ispfpga/vhdl_packages/mixed_lang_vltype.vhd(9): analyzing package vl_types (VHDL-1014)
INFO: D:/dev/lattice/lscc/diamond/3.9_x64/ispfpga/vhdl_packages/mixed_lang_vltype.vhd(88): analyzing package body vl_types (VHDL-1013)
Analyzing VHDL file D:/dev/lattice/lscc/diamond/3.9_x64/ispfpga/vhdl_packages/syn_arit.vhd (VHDL-1481)
INFO: D:/dev/lattice/lscc/diamond/3.9_x64/ispfpga/vhdl_packages/syn_arit.vhd(25): analyzing package std_logic_arith (VHDL-1014)
INFO: D:/dev/lattice/lscc/diamond/3.9_x64/ispfpga/vhdl_packages/syn_arit.vhd(206): analyzing package body std_logic_arith (VHDL-1013)
Analyzing VHDL file D:/dev/lattice/lscc/diamond/3.9_x64/ispfpga/vhdl_packages/syn_sign.vhd (VHDL-1481)
INFO: D:/dev/lattice/lscc/diamond/3.9_x64/ispfpga/vhdl_packages/syn_sign.vhd(35): analyzing package std_logic_signed (VHDL-1014)
INFO: D:/dev/lattice/lscc/diamond/3.9_x64/ispfpga/vhdl_packages/syn_sign.vhd(96): analyzing package body std_logic_signed (VHDL-1013)
Analyzing VHDL file D:/dev/lattice/lscc/diamond/3.9_x64/ispfpga/vhdl_packages/syn_unsi.vhd (VHDL-1481)
INFO: D:/dev/lattice/lscc/diamond/3.9_x64/ispfpga/vhdl_packages/syn_unsi.vhd(35): analyzing package std_logic_unsigned (VHDL-1014)
INFO: D:/dev/lattice/lscc/diamond/3.9_x64/ispfpga/vhdl_packages/syn_unsi.vhd(94): analyzing package body std_logic_unsigned (VHDL-1013)
Analyzing VHDL file D:/dev/lattice/lscc/diamond/3.9_x64/ispfpga/vhdl_packages/synattr.vhd (VHDL-1481)
INFO: D:/dev/lattice/lscc/diamond/3.9_x64/ispfpga/vhdl_packages/synattr.vhd(50): analyzing package attributes (VHDL-1014)
Analyzing VHDL file D:/dev/lattice/lscc/diamond/3.9_x64/cae_library/synthesis/vhdl/machxo2.vhd (VHDL-1481)
Analyzing VHDL file E:/projects/prj_fpga_lattice/prj_VE-LCMXO27000HC/lcmx_prj/projects/memory_tst/commonPak.vhd (VHDL-1481)
INFO: E:/projects/prj_fpga_lattice/prj_VE-LCMXO27000HC/lcmx_prj/projects/memory_tst/commonPak.vhd(16): analyzing package commonpak (VHDL-1014)
INFO: E:/projects/prj_fpga_lattice/prj_VE-LCMXO27000HC/lcmx_prj/projects/memory_tst/commonPak.vhd(80): analyzing package body commonpak (VHDL-1013)
Analyzing VHDL file E:/projects/prj_fpga_lattice/prj_VE-LCMXO27000HC/lcmx_prj/projects/memory_tst/Font_Rom.vhd (VHDL-1481)
INFO: E:/projects/prj_fpga_lattice/prj_VE-LCMXO27000HC/lcmx_prj/projects/memory_tst/Font_Rom.vhd(32): analyzing entity font_rom (VHDL-1012)
INFO: E:/projects/prj_fpga_lattice/prj_VE-LCMXO27000HC/lcmx_prj/projects/memory_tst/Font_Rom.vhd(40): analyzing architecture behavioral (VHDL-1010)
Analyzing VHDL file E:/projects/prj_fpga_lattice/prj_VE-LCMXO27000HC/lcmx_prj/projects/memory_tst/func_pack.vhd (VHDL-1481)
INFO: E:/projects/prj_fpga_lattice/prj_VE-LCMXO27000HC/lcmx_prj/projects/memory_tst/func_pack.vhd(6): analyzing package func_pack (VHDL-1014)
INFO: E:/projects/prj_fpga_lattice/prj_VE-LCMXO27000HC/lcmx_prj/projects/memory_tst/func_pack.vhd(12): analyzing package body func_pack (VHDL-1013)
Analyzing VHDL file E:/projects/prj_fpga_lattice/prj_VE-LCMXO27000HC/lcmx_prj/projects/memory_tst/memory_test.vhd (VHDL-1481)
INFO: E:/projects/prj_fpga_lattice/prj_VE-LCMXO27000HC/lcmx_prj/projects/memory_tst/memory_test.vhd(17): analyzing entity memory_test (VHDL-1012)
INFO: E:/projects/prj_fpga_lattice/prj_VE-LCMXO27000HC/lcmx_prj/projects/memory_tst/memory_test.vhd(28): analyzing architecture behavioral (VHDL-1010)
Analyzing VHDL file E:/projects/prj_fpga_lattice/prj_VE-LCMXO27000HC/lcmx_prj/projects/memory_tst/vga_sync.vhd (VHDL-1481)
INFO: E:/projects/prj_fpga_lattice/prj_VE-LCMXO27000HC/lcmx_prj/projects/memory_tst/vga_sync.vhd(12): analyzing entity vga_sync (VHDL-1012)
INFO: E:/projects/prj_fpga_lattice/prj_VE-LCMXO27000HC/lcmx_prj/projects/memory_tst/vga_sync.vhd(24): analyzing architecture arch (VHDL-1010)
Analyzing VHDL file E:/projects/prj_fpga_lattice/prj_VE-LCMXO27000HC/lcmx_prj/projects/memory_tst/Pixel_On_Text.vhd (VHDL-1481)
INFO: E:/projects/prj_fpga_lattice/prj_VE-LCMXO27000HC/lcmx_prj/projects/memory_tst/Pixel_On_Text.vhd(30): analyzing entity pixel_on_text (VHDL-1012)
INFO: E:/projects/prj_fpga_lattice/prj_VE-LCMXO27000HC/lcmx_prj/projects/memory_tst/Pixel_On_Text.vhd(49): analyzing architecture behavioral (VHDL-1010)
Analyzing VHDL file E:/projects/prj_fpga_lattice/prj_VE-LCMXO27000HC/lcmx_prj/projects/memory_tst/font_test.vhd (VHDL-1481)
INFO: E:/projects/prj_fpga_lattice/prj_VE-LCMXO27000HC/lcmx_prj/projects/memory_tst/font_test.vhd(5): analyzing entity font_test (VHDL-1012)
INFO: E:/projects/prj_fpga_lattice/prj_VE-LCMXO27000HC/lcmx_prj/projects/memory_tst/font_test.vhd(19): analyzing architecture behavioral (VHDL-1010)
